#
# There is insufficient memory for the Java Runtime Environment to continue.
# Native memory allocation (mmap) failed to map 134217728 bytes for G1 virtual space
# Possible reasons:
#   The system is out of physical RAM or swap space
#   The process is running with CompressedOops enabled, and the Java Heap may be blocking the growth of the native heap
# Possible solutions:
#   Reduce memory load on the system
#   Increase physical memory or swap space
#   Check if swap backing store is full
#   Decrease Java heap size (-Xmx/-Xms)
#   Decrease number of Java threads
#   Decrease Java thread stack sizes (-Xss)
#   Set larger code cache with -XX:ReservedCodeCacheSize=
#   JVM is running with Unscaled Compressed Oops mode in which the Java heap is
#     placed in the first 4GB address space. The Java Heap base address is the
#     maximum limit for the native heap growth. Please use -XX:HeapBaseMinAddress
#     to set the Java Heap base and to place the Java Heap above 4GB virtual address.
# This output file may be truncated or incomplete.
#
#  Out of Memory Error (os_windows.cpp:3617), pid=31036, tid=1856
#
# JRE version:  (17.0.8.1+1) (build )
# Java VM: OpenJDK 64-Bit Server VM (17.0.8.1+1, mixed mode, emulated-client, sharing, tiered, compressed oops, compressed class ptrs, g1 gc, windows-amd64)
# No core dump will be written. Minidumps are not enabled by default on client versions of Windows
#

---------------  S U M M A R Y ------------

Command Line: -Dcom.sun.management.jmxremote -Dcom.sun.management.jmxremote.port=57127 -Dcom.sun.management.jmxremote.authenticate=false -Dcom.sun.management.jmxremote.ssl=false -Djava.rmi.server.hostname=localhost -Dspring.jmx.enabled=true -Dmanagement.endpoints.jmx.exposure.include=* -Dspring.application.admin.enabled=true -XX:TieredStopAtLevel=1 -Dspring.boot.project.name=spring-config -Dfile.encoding=UTF-8 -Dstdout.encoding=UTF-8 -Dstderr.encoding=UTF-8 -XX:+ShowCodeDetailsInExceptionMessages com.example.registryservice.SpringConfigApplication --spring.output.ansi.enabled=always

Host: Intel(R) Core(TM) i5-8265U CPU @ 1.60GHz, 8 cores, 7G,  Windows 11 , 64 bit Build 22000 (10.0.22000.434)
Time: Sun Jan  7 17:53:29 2024 India Standard Time elapsed time: 0.028072 seconds (0d 0h 0m 0s)

---------------  T H R E A D  ---------------

Current thread (0x000001978f613620):  JavaThread "Unknown thread" [_thread_in_vm, id=1856, stack(0x0000000100500000,0x0000000100600000)]

Stack: [0x0000000100500000,0x0000000100600000]
Native frames: (J=compiled Java code, j=interpreted, Vv=VM code, C=native code)
V  [jvm.dll+0x678b0a]
V  [jvm.dll+0x835e84]
V  [jvm.dll+0x83762e]
V  [jvm.dll+0x837c93]
V  [jvm.dll+0x24746f]
V  [jvm.dll+0x675859]
V  [jvm.dll+0x66a0ea]
V  [jvm.dll+0x306c7b]
V  [jvm.dll+0x30e166]
V  [jvm.dll+0x35dd3e]
V  [jvm.dll+0x35df6f]
V  [jvm.dll+0x2ddb48]
V  [jvm.dll+0x2deab4]
V  [jvm.dll+0x807f31]
V  [jvm.dll+0x36bb21]
V  [jvm.dll+0x7e733c]
V  [jvm.dll+0x3ee4af]
V  [jvm.dll+0x3f00c1]
C  [jli.dll+0x528b]
C  [ucrtbase.dll+0x26c0c]
C  [KERNEL32.DLL+0x154e0]
C  [ntdll.dll+0x485b]


---------------  P R O C E S S  ---------------

Threads class SMR info:
_java_thread_list=0x00007ffff60ca018, length=0, elements={
}

Java Threads: ( => current thread )

Other Threads:
  0x000001978f66ef60 GCTaskThread "GC Thread#0" [stack: 0x0000000100600000,0x0000000100700000] [id=26552]
  0x000001978f67c980 ConcurrentGCThread "G1 Main Marker" [stack: 0x0000000100700000,0x0000000100800000] [id=3784]
  0x000001979a9c2400 ConcurrentGCThread "G1 Conc#0" [stack: 0x0000000100800000,0x0000000100900000] [id=4788]

[error occurred during error reporting (printing all threads), id 0xc0000005, EXCEPTION_ACCESS_VIOLATION (0xc0000005) at pc=0x00007ffff589e587]

VM state: not at safepoint (not fully initialized)

VM Mutex/Monitor currently owned by a thread:  ([mutex/lock_event])
[0x000001978f60d330] Heap_lock - owner thread: 0x000001978f613620

Heap address: 0x0000000081e00000, size: 2018 MB, Compressed Oops mode: 32-bit

CDS archive(s) mapped at: [0x0000000000000000-0x0000000000000000-0x0000000000000000), size 0, SharedBaseAddress: 0x0000000800000000, ArchiveRelocationMode: 1.
Narrow klass base: 0x0000000000000000, Narrow klass shift: 0, Narrow klass range: 0x0

GC Precious Log:
<Empty>

Heap:
 garbage-first heap   total 0K, used 0K [0x0000000081e00000, 0x0000000100000000)
  region size 1024K, 0 young (0K), 0 survivors (0K)

[error occurred during error reporting (printing heap information), id 0xc0000005, EXCEPTION_ACCESS_VIOLATION (0xc0000005) at pc=0x00007ffff5c82699]

GC Heap History (0 events):
No events

Dll operation events (1 events):
Event: 0.007 Loaded shared library C:\Users\Admin\Downloads\sts-4.20.1.RELEASE\plugins\org.eclipse.justj.openjdk.hotspot.jre.full.win32.x86_64_17.0.8.v20230831-1047\jre\bin\java.dll

Deoptimization events (0 events):
No events

Classes unloaded (0 events):
No events

Classes redefined (0 events):
No events

Internal exceptions (0 events):
No events

VM Operations (0 events):
No events

Events (0 events):
No events


Dynamic libraries:
0x00007ff6b6b00000 - 0x00007ff6b6b0e000 	C:\Users\Admin\Downloads\sts-4.20.1.RELEASE\plugins\org.eclipse.justj.openjdk.hotspot.jre.full.win32.x86_64_17.0.8.v20230831-1047\jre\bin\javaw.exe
0x00007ff8191a0000 - 0x00007ff8193a9000 	C:\Windows\SYSTEM32\ntdll.dll
0x00007ff8183b0000 - 0x00007ff81846d000 	C:\Windows\System32\KERNEL32.DLL
0x00007ff816a60000 - 0x00007ff816dd4000 	C:\Windows\System32\KERNELBASE.dll
0x00007ff816940000 - 0x00007ff816a51000 	C:\Windows\System32\ucrtbase.dll
0x00007ff80f110000 - 0x00007ff80f127000 	C:\Users\Admin\Downloads\sts-4.20.1.RELEASE\plugins\org.eclipse.justj.openjdk.hotspot.jre.full.win32.x86_64_17.0.8.v20230831-1047\jre\bin\jli.dll
0x00007ff817270000 - 0x00007ff81741c000 	C:\Windows\System32\USER32.dll
0x00007ff816910000 - 0x00007ff816936000 	C:\Windows\System32\win32u.dll
0x00007ff8187e0000 - 0x00007ff818809000 	C:\Windows\System32\GDI32.dll
0x00007ff816690000 - 0x00007ff8167a2000 	C:\Windows\System32\gdi32full.dll
0x00007ff816870000 - 0x00007ff81690d000 	C:\Windows\System32\msvcp_win.dll
0x00007ff812e00000 - 0x00007ff812e19000 	C:\Users\Admin\Downloads\sts-4.20.1.RELEASE\plugins\org.eclipse.justj.openjdk.hotspot.jre.full.win32.x86_64_17.0.8.v20230831-1047\jre\bin\VCRUNTIME140.dll
0x00007ff8019b0000 - 0x00007ff801c55000 	C:\Windows\WinSxS\amd64_microsoft.windows.common-controls_6595b64144ccf1df_6.0.22000.120_none_9d947278b86cc467\COMCTL32.dll
0x00007ff8182c0000 - 0x00007ff818363000 	C:\Windows\System32\msvcrt.dll
0x00007ff818370000 - 0x00007ff8183a1000 	C:\Windows\System32\IMM32.DLL
0x00007ff811a90000 - 0x00007ff811a9c000 	C:\Users\Admin\Downloads\sts-4.20.1.RELEASE\plugins\org.eclipse.justj.openjdk.hotspot.jre.full.win32.x86_64_17.0.8.v20230831-1047\jre\bin\vcruntime140_1.dll
0x00007ff80a1e0000 - 0x00007ff80a271000 	C:\Users\Admin\Downloads\sts-4.20.1.RELEASE\plugins\org.eclipse.justj.openjdk.hotspot.jre.full.win32.x86_64_17.0.8.v20230831-1047\jre\bin\msvcp140.dll
0x00007ffff55b0000 - 0x00007ffff61fc000 	C:\Users\Admin\Downloads\sts-4.20.1.RELEASE\plugins\org.eclipse.justj.openjdk.hotspot.jre.full.win32.x86_64_17.0.8.v20230831-1047\jre\bin\server\jvm.dll
0x00007ff817430000 - 0x00007ff8174de000 	C:\Windows\System32\ADVAPI32.dll
0x00007ff8186d0000 - 0x00007ff81876e000 	C:\Windows\System32\sechost.dll
0x00007ff818500000 - 0x00007ff818620000 	C:\Windows\System32\RPCRT4.dll
0x00007ff816570000 - 0x00007ff8165bd000 	C:\Windows\SYSTEM32\POWRPROF.dll
0x00007ff812e30000 - 0x00007ff812e39000 	C:\Windows\SYSTEM32\WSOCK32.dll
0x00007ff818770000 - 0x00007ff8187df000 	C:\Windows\System32\WS2_32.dll
0x00007ff8000b0000 - 0x00007ff8000e3000 	C:\Windows\SYSTEM32\WINMM.dll
0x00007ff812e20000 - 0x00007ff812e2a000 	C:\Windows\SYSTEM32\VERSION.dll
0x00007ff816540000 - 0x00007ff816553000 	C:\Windows\SYSTEM32\UMPDC.dll
0x00007ff815170000 - 0x00007ff815188000 	C:\Windows\SYSTEM32\kernel.appcore.dll
0x00007ff80fa10000 - 0x00007ff80fa1a000 	C:\Users\Admin\Downloads\sts-4.20.1.RELEASE\plugins\org.eclipse.justj.openjdk.hotspot.jre.full.win32.x86_64_17.0.8.v20230831-1047\jre\bin\jimage.dll
0x00007ff8143c0000 - 0x00007ff8145e1000 	C:\Windows\SYSTEM32\DBGHELP.DLL
0x00007ff80cee0000 - 0x00007ff80cf11000 	C:\Windows\SYSTEM32\dbgcore.DLL
0x00007ff816fc0000 - 0x00007ff81703f000 	C:\Windows\System32\bcryptPrimitives.dll
0x00007ff80f9e0000 - 0x00007ff80fa05000 	C:\Users\Admin\Downloads\sts-4.20.1.RELEASE\plugins\org.eclipse.justj.openjdk.hotspot.jre.full.win32.x86_64_17.0.8.v20230831-1047\jre\bin\java.dll

dbghelp: loaded successfully - version: 4.0.5 - missing functions: none
symbol engine: initialized successfully - sym options: 0x614 - pdb path: .;C:\Users\Admin\Downloads\sts-4.20.1.RELEASE\plugins\org.eclipse.justj.openjdk.hotspot.jre.full.win32.x86_64_17.0.8.v20230831-1047\jre\bin;C:\Windows\SYSTEM32;C:\Windows\WinSxS\amd64_microsoft.windows.common-controls_6595b64144ccf1df_6.0.22000.120_none_9d947278b86cc467;C:\Users\Admin\Downloads\sts-4.20.1.RELEASE\plugins\org.eclipse.justj.openjdk.hotspot.jre.full.win32.x86_64_17.0.8.v20230831-1047\jre\bin\server

VM Arguments:
jvm_args: -Dcom.sun.management.jmxremote -Dcom.sun.management.jmxremote.port=57127 -Dcom.sun.management.jmxremote.authenticate=false -Dcom.sun.management.jmxremote.ssl=false -Djava.rmi.server.hostname=localhost -Dspring.jmx.enabled=true -Dmanagement.endpoints.jmx.exposure.include=* -Dspring.application.admin.enabled=true -XX:TieredStopAtLevel=1 -Dspring.boot.project.name=spring-config -Dfile.encoding=UTF-8 -Dstdout.encoding=UTF-8 -Dstderr.encoding=UTF-8 -XX:+ShowCodeDetailsInExceptionMessages 
java_command: com.example.registryservice.SpringConfigApplication --spring.output.ansi.enabled=always
java_class_path (initial): C:\Users\Admin\Documents\microservices\spring-config\bin\main;C:\Users\Admin\.gradle\caches\modules-2\files-2.1\org.springframework.cloud\spring-cloud-config-server\4.1.0\bfa22da2ebbd59f52cc3d09e41dcb7d5100b8b4f\spring-cloud-config-server-4.1.0.jar;C:\Users\Admin\.gradle\caches\modules-2\files-2.1\org.springframework.cloud\spring-cloud-starter-netflix-eureka-client\4.1.0\66077e7c4198db4c351391dd2e96399cff857f47\spring-cloud-starter-netflix-eureka-client-4.1.0.jar;C:\Users\Admin\.gradle\caches\modules-2\files-2.1\org.springframework.cloud\spring-cloud-config-client\4.1.0\8cd0713ef875da182193399640c01a126133befc\spring-cloud-config-client-4.1.0.jar;C:\Users\Admin\.gradle\caches\modules-2\files-2.1\org.springframework.boot\spring-boot-starter-web\3.2.1\e27e36d4222fd4d589e634e1c7f5f09f0316147c\spring-boot-starter-web-3.2.1.jar;C:\Users\Admin\.gradle\caches\modules-2\files-2.1\org.springframework.boot\spring-boot-starter-json\3.2.1\ecda50de20ab6d3c49ea30df4c1982048f5d31ac\spring-boot-starter-json-3.2.1.jar;C:\Users\Admin\.gradle\caches\modules-2\files-2.1\org.springframework\spring-webmvc\6.1.2\906ee995372076e22ef9666d8628845c75bf5c42\spring-webmvc-6.1.2.jar;C:\Users\Admin\.gradle\caches\modules-2\files-2.1\org.springframework\spring-web\6.1.2\f26b98778376cc39afb04fbb6fdd7543bef89f2\spring-web-6.1.2.jar;C:\Users\Admin\.gradle\caches\modules-2\files-2.1\org.springframework.boot\spring-boot-starter-validation\3.2.1\54a35ea1de2c7de2c701e93740228240218cc9dd\spring-boot-starter-validation-3.2.1.jar;C:\Users\Admin\.gradle\caches\modules-2\files-2.1\org.springframework.cloud\spring-cloud-starter-loadbalancer\4.1.0\7171ee414a7832fc7bfbfa5c69dcb035b3bec3d2\spring-cloud-starter-loadbalancer-4.1.0.jar;C:\Users\Admin\.gradle\caches\modules-2\files-2.1\org.springframework.cloud\spring-cloud-starter\4.1.0\8558f5e64af9abbab030ff25654cbbc9d6892d72\spring-cloud-starter-4.1.0.jar;C:\Users\Admin\.gradle\caches\modules-2\files-2.1\org.springframework.boot\spring
Launcher Type: SUN_STANDARD

[Global flags]
     intx CICompilerCount                          = 4                                         {product} {ergonomic}
     uint ConcGCThreads                            = 2                                         {product} {ergonomic}
     uint G1ConcRefinementThreads                  = 8                                         {product} {ergonomic}
   size_t G1HeapRegionSize                         = 1048576                                   {product} {ergonomic}
    uintx GCDrainStackTargetSize                   = 64                                        {product} {ergonomic}
   size_t InitialHeapSize                          = 134217728                                 {product} {ergonomic}
     bool ManagementServer                         = true                                      {product} {command line}
   size_t MarkStackSize                            = 4194304                                   {product} {ergonomic}
   size_t MaxHeapSize                              = 2116026368                                {product} {ergonomic}
   size_t MinHeapDeltaBytes                        = 1048576                                   {product} {ergonomic}
   size_t MinHeapSize                              = 8388608                                   {product} {ergonomic}
    uintx NonProfiledCodeHeapSize                  = 0                                      {pd product} {ergonomic}
     bool ProfileInterpreter                       = false                                  {pd product} {command line}
    uintx ProfiledCodeHeapSize                     = 0                                      {pd product} {ergonomic}
     bool ShowCodeDetailsInExceptionMessages       = true                                   {manageable} {command line}
   size_t SoftMaxHeapSize                          = 2116026368                             {manageable} {ergonomic}
     intx TieredStopAtLevel                        = 1                                         {product} {command line}
     bool UseCompressedClassPointers               = true                           {product lp64_product} {ergonomic}
     bool UseCompressedOops                        = true                           {product lp64_product} {ergonomic}
     bool UseG1GC                                  = true                                      {product} {ergonomic}
     bool UseLargePagesIndividualAllocation        = false                                  {pd product} {ergonomic}

Logging:
Log output configuration:
 #0: stdout all=warning uptime,level,tags
 #1: stderr all=off uptime,level,tags

Environment Variables:
JAVA_HOME=C:\Program Files\Java\jdk1.8.0_341
PATH=c:/users/admin/downloads/sts-4.20.1.release//plugins/org.eclipse.justj.openjdk.hotspot.jre.full.win32.x86_64_17.0.8.v20230831-1047/jre/bin/server;c:/users/admin/downloads/sts-4.20.1.release//plugins/org.eclipse.justj.openjdk.hotspot.jre.full.win32.x86_64_17.0.8.v20230831-1047/jre/bin;C:\Program Files (x86)\Common Files\Oracle\Java\javapath;C:\Windows\system32;C:\Windows;C:\Windows\System32\Wbem;C:\Windows\System32\WindowsPowerShell\v1.0\;C:\Windows\System32\OpenSSH\;C:\Program Files\Java\jdk1.8.0_341\bin;C:\Program Files (x86)\MySQL\MySQL Server 5.0\bin;C:\Users\Admin\Downloads\apache-tomcat-8.5.93-windows-x64\apache-tomcat-8.5.93\bin;C:\Users\Admin\AppData\Local\Microsoft\WindowsApps;C:\Program Files\Java\jdk1.8.0_341\bin;;C:\Users\Admin\Downloads\sts-4.20.1.RELEASE;
USERNAME=Admin
OS=Windows_NT
PROCESSOR_IDENTIFIER=Intel64 Family 6 Model 142 Stepping 12, GenuineIntel
TMP=C:\Users\Admin\AppData\Local\Temp
TEMP=C:\Users\Admin\AppData\Local\Temp



---------------  S Y S T E M  ---------------

OS:
 Windows 11 , 64 bit Build 22000 (10.0.22000.434)
OS uptime: 0 days 8:06 hours

CPU: total 8 (initial active 8) (4 cores per cpu, 2 threads per core) family 6 model 142 stepping 12 microcode 0xde, cx8, cmov, fxsr, ht, mmx, 3dnowpref, sse, sse2, sse3, ssse3, sse4.1, sse4.2, popcnt, lzcnt, tsc, tscinvbit, avx, avx2, aes, erms, clmul, bmi1, bmi2, adx, fma, vzeroupper, clflush, clflushopt
Processor Information for all 8 processors :
  Max Mhz: 1800, Current Mhz: 1600, Mhz Limit: 1584

Memory: 4k page, system-wide physical 8070M (1011M free)
TotalPageFile size 8070M (AvailPageFile size 99M)
current process WorkingSet (physical memory assigned to process): 10M, peak: 10M
current process commit charge ("private bytes"): 55M, peak: 183M

vm_info: OpenJDK 64-Bit Server VM (17.0.8.1+1) for windows-amd64 JRE (17.0.8.1+1), built on Aug 23 2023 15:29:17 by "admin" with MS VC++ 16.7 (VS2019)

END.
